{"/Users/dliang/Onramp/blend-apprentice-project/bloggies_backend/src/config.ts": {"path":"/Users/dliang/Onramp/blend-apprentice-project/bloggies_backend/src/config.ts","statementMap":{"0":{"start":{"line":1,"column":0},"end":{"line":1,"column":33}},"1":{"start":{"line":3,"column":0},"end":{"line":3,"column":45}},"2":{"start":{"line":15,"column":4},"end":{"line":15,"column":15}},"3":{"start":{"line":25,"column":2},"end":{"line":25,"column":10}},"4":{"start":{"line":26,"column":2},"end":{"line":26,"column":16}},"5":{"start":{"line":27,"column":2},"end":{"line":27,"column":13}},"6":{"start":{"line":28,"column":2},"end":{"line":28,"column":13}},"7":{"start":{"line":29,"column":2},"end":{"line":29,"column":9}},"8":{"start":{"line":31,"column":2},"end":{"line":31,"column":12}},"9":{"start":{"line":34,"column":2},"end":{"line":34,"column":18}},"10":{"start":{"line":35,"column":2},"end":{"line":35,"column":12}},"11":{"start":{"line":36,"column":2},"end":{"line":36,"column":19}},"12":{"start":{"line":17,"column":27},"end":{"line":17,"column":65}},"13":{"start":{"line":30,"column":2},"end":{"line":30,"column":20}},"14":{"start":{"line":18,"column":21},"end":{"line":18,"column":101}},"15":{"start":{"line":37,"column":2},"end":{"line":37,"column":14}},"16":{"start":{"line":20,"column":20},"end":{"line":20,"column":42}},"17":{"start":{"line":32,"column":2},"end":{"line":32,"column":13}},"18":{"start":{"line":22,"column":29},"end":{"line":22,"column":42}},"19":{"start":{"line":33,"column":2},"end":{"line":33,"column":22}}},"fnMap":{},"branchMap":{"0":{"loc":{"start":{"line":18,"column":50},"end":{"line":18,"column":74}},"type":"cond-expr","locations":[{"start":{"line":18,"column":50},"end":{"line":18,"column":74}},{"start":{"line":18,"column":77},"end":{"line":18,"column":101}}]}},"s":{"0":5,"1":5,"2":5,"3":5,"4":5,"5":5,"6":5,"7":5,"8":5,"9":5,"10":5,"11":5,"12":5,"13":5,"14":5,"15":5,"16":5,"17":5,"18":5,"19":5},"f":{},"b":{"0":[0,5]}}
,"/Users/dliang/Onramp/blend-apprentice-project/bloggies_backend/src/db.ts": {"path":"/Users/dliang/Onramp/blend-apprentice-project/bloggies_backend/src/db.ts","statementMap":{"0":{"start":{"line":2,"column":0},"end":{"line":2,"column":28}},"1":{"start":{"line":4,"column":0},"end":{"line":4,"column":70}},"2":{"start":{"line":8,"column":0},"end":{"line":12,"column":null}},"3":{"start":{"line":9,"column":2},"end":{"line":9,"column":96}},"4":{"start":{"line":11,"column":2},"end":{"line":11,"column":91}},"5":{"start":{"line":14,"column":9},"end":{"line":16,"column":2}},"6":{"start":{"line":18,"column":0},"end":{"line":18,"column":13}},"7":{"start":{"line":20,"column":0},"end":{"line":20,"column":18}}},"fnMap":{},"branchMap":{"0":{"loc":{"start":{"line":8,"column":0},"end":{"line":12,"column":null}},"type":"if","locations":[{"start":{"line":8,"column":0},"end":{"line":12,"column":null}},{"start":{"line":8,"column":0},"end":{"line":12,"column":null}}]}},"s":{"0":5,"1":5,"2":5,"3":5,"4":0,"5":5,"6":5,"7":5},"f":{},"b":{"0":[5,0]}}
,"/Users/dliang/Onramp/blend-apprentice-project/bloggies_backend/src/expressError.ts": {"path":"/Users/dliang/Onramp/blend-apprentice-project/bloggies_backend/src/expressError.ts","statementMap":{"0":{"start":{"line":8,"column":4},"end":{"line":8,"column":12}},"1":{"start":{"line":9,"column":4},"end":{"line":9,"column":27}},"2":{"start":{"line":10,"column":4},"end":{"line":10,"column":25}},"3":{"start":{"line":5,"column":0},"end":{"line":5,"column":21}}},"fnMap":{"0":{"name":"(anonymous_0)","decl":{"start":{"line":7,"column":2},"end":{"line":7,"column":14}},"loc":{"start":{"line":7,"column":45},"end":{"line":12,"column":3}}}},"branchMap":{},"s":{"0":9,"1":9,"2":9,"3":5},"f":{"0":9},"b":{}}
,"/Users/dliang/Onramp/blend-apprentice-project/bloggies_backend/src/membershipStatuses.ts": {"path":"/Users/dliang/Onramp/blend-apprentice-project/bloggies_backend/src/membershipStatuses.ts","statementMap":{"0":{"start":{"line":5,"column":13},"end":{"line":5,"column":27}},"1":{"start":{"line":6,"column":13},"end":{"line":6,"column":33}},"2":{"start":{"line":7,"column":13},"end":{"line":7,"column":35}},"3":{"start":{"line":8,"column":13},"end":{"line":8,"column":35}},"4":{"start":{"line":9,"column":13},"end":{"line":9,"column":31}},"5":{"start":{"line":10,"column":13},"end":{"line":10,"column":35}}},"fnMap":{},"branchMap":{},"s":{"0":1,"1":1,"2":1,"3":1,"4":1,"5":1},"f":{},"b":{}}
,"/Users/dliang/Onramp/blend-apprentice-project/bloggies_backend/src/models/bookmark.ts": {"path":"/Users/dliang/Onramp/blend-apprentice-project/bloggies_backend/src/models/bookmark.ts","statementMap":{"0":{"start":{"line":1,"column":0},"end":{"line":1,"column":23}},"1":{"start":{"line":2,"column":0},"end":{"line":2,"column":43}},"2":{"start":{"line":8,"column":16},"end":{"line":15,"column":null}},"3":{"start":{"line":17,"column":28},"end":{"line":17,"column":36}},"4":{"start":{"line":18,"column":4},"end":{"line":18,"column":27}},"5":{"start":{"line":23,"column":4},"end":{"line":31,"column":null}},"6":{"start":{"line":24,"column":6},"end":{"line":27,"column":26}},"7":{"start":{"line":28,"column":6},"end":{"line":28,"column":53}},"8":{"start":{"line":30,"column":6},"end":{"line":30,"column":61}},"9":{"start":{"line":36,"column":4},"end":{"line":39,"column":24}},"10":{"start":{"line":40,"column":4},"end":{"line":40,"column":53}},"11":{"start":{"line":4,"column":0},"end":{"line":4,"column":21}}},"fnMap":{"0":{"name":"(anonymous_8)","decl":{"start":{"line":7,"column":2},"end":{"line":7,"column":8}},"loc":{"start":{"line":7,"column":45},"end":{"line":19,"column":null}}},"1":{"name":"(anonymous_10)","decl":{"start":{"line":22,"column":2},"end":{"line":22,"column":8}},"loc":{"start":{"line":22,"column":60},"end":{"line":32,"column":null}}},"2":{"name":"(anonymous_12)","decl":{"start":{"line":35,"column":2},"end":{"line":35,"column":8}},"loc":{"start":{"line":35,"column":60},"end":{"line":41,"column":null}}}},"branchMap":{},"s":{"0":1,"1":1,"2":0,"3":0,"4":0,"5":2,"6":2,"7":0,"8":2,"9":1,"10":1,"11":1},"f":{"0":0,"1":2,"2":1},"b":{}}
,"/Users/dliang/Onramp/blend-apprentice-project/bloggies_backend/src/models/comment.ts": {"path":"/Users/dliang/Onramp/blend-apprentice-project/bloggies_backend/src/models/comment.ts","statementMap":{"0":{"start":{"line":1,"column":0},"end":{"line":1,"column":23}},"1":{"start":{"line":2,"column":0},"end":{"line":2,"column":43}},"2":{"start":{"line":7,"column":4},"end":{"line":26,"column":null}},"3":{"start":{"line":9,"column":18},"end":{"line":20,"column":17}},"4":{"start":{"line":21,"column":23},"end":{"line":21,"column":31}},"5":{"start":{"line":22,"column":6},"end":{"line":22,"column":26}},"6":{"start":{"line":24,"column":6},"end":{"line":24,"column":70}},"7":{"start":{"line":25,"column":6},"end":{"line":25,"column":53}},"8":{"start":{"line":31,"column":4},"end":{"line":43,"column":null}},"9":{"start":{"line":32,"column":18},"end":{"line":38,"column":20}},"10":{"start":{"line":39,"column":22},"end":{"line":39,"column":30}},"11":{"start":{"line":40,"column":6},"end":{"line":40,"column":25}},"12":{"start":{"line":42,"column":6},"end":{"line":42,"column":56}},"13":{"start":{"line":48,"column":4},"end":{"line":57,"column":null}},"14":{"start":{"line":49,"column":18},"end":{"line":53,"column":42}},"15":{"start":{"line":54,"column":6},"end":{"line":54,"column":25}},"16":{"start":{"line":56,"column":6},"end":{"line":56,"column":63}},"17":{"start":{"line":62,"column":4},"end":{"line":69,"column":null}},"18":{"start":{"line":63,"column":6},"end":{"line":66,"column":39}},"19":{"start":{"line":68,"column":6},"end":{"line":68,"column":59}},"20":{"start":{"line":4,"column":0},"end":{"line":4,"column":21}}},"fnMap":{"0":{"name":"(anonymous_8)","decl":{"start":{"line":6,"column":2},"end":{"line":6,"column":8}},"loc":{"start":{"line":6,"column":49},"end":{"line":27,"column":null}}},"1":{"name":"(anonymous_10)","decl":{"start":{"line":30,"column":2},"end":{"line":30,"column":8}},"loc":{"start":{"line":30,"column":54},"end":{"line":44,"column":null}}},"2":{"name":"(anonymous_12)","decl":{"start":{"line":47,"column":2},"end":{"line":47,"column":8}},"loc":{"start":{"line":47,"column":93},"end":{"line":58,"column":null}}},"3":{"name":"(anonymous_14)","decl":{"start":{"line":61,"column":2},"end":{"line":61,"column":8}},"loc":{"start":{"line":61,"column":70},"end":{"line":70,"column":null}}}},"branchMap":{},"s":{"0":1,"1":1,"2":1,"3":1,"4":1,"5":1,"6":0,"7":0,"8":0,"9":0,"10":0,"11":0,"12":0,"13":2,"14":2,"15":0,"16":2,"17":0,"18":0,"19":0,"20":1},"f":{"0":1,"1":0,"2":2,"3":0},"b":{}}
,"/Users/dliang/Onramp/blend-apprentice-project/bloggies_backend/src/models/post.ts": {"path":"/Users/dliang/Onramp/blend-apprentice-project/bloggies_backend/src/models/post.ts","statementMap":{"0":{"start":{"line":1,"column":0},"end":{"line":1,"column":23}},"1":{"start":{"line":2,"column":0},"end":{"line":2,"column":43}},"2":{"start":{"line":8,"column":4},"end":{"line":17,"column":null}},"3":{"start":{"line":9,"column":18},"end":{"line":13,"column":54}},"4":{"start":{"line":14,"column":6},"end":{"line":14,"column":25}},"5":{"start":{"line":16,"column":6},"end":{"line":16,"column":49}},"6":{"start":{"line":22,"column":4},"end":{"line":47,"column":null}},"7":{"start":{"line":23,"column":6},"end":{"line":33,"column":null}},"8":{"start":{"line":24,"column":20},"end":{"line":31,"column":52}},"9":{"start":{"line":32,"column":8},"end":{"line":32,"column":24}},"10":{"start":{"line":34,"column":18},"end":{"line":43,"column":18}},"11":{"start":{"line":44,"column":8},"end":{"line":44,"column":24}},"12":{"start":{"line":46,"column":6},"end":{"line":46,"column":49}},"13":{"start":{"line":52,"column":4},"end":{"line":73,"column":null}},"14":{"start":{"line":53,"column":18},"end":{"line":62,"column":13}},"15":{"start":{"line":65,"column":21},"end":{"line":65,"column":32}},"16":{"start":{"line":66,"column":6},"end":{"line":66,"column":35}},"17":{"start":{"line":66,"column":18},"end":{"line":66,"column":35}},"18":{"start":{"line":67,"column":6},"end":{"line":67,"column":80}},"19":{"start":{"line":67,"column":61},"end":{"line":67,"column":80}},"20":{"start":{"line":68,"column":6},"end":{"line":68,"column":48}},"21":{"start":{"line":68,"column":29},"end":{"line":68,"column":48}},"22":{"start":{"line":69,"column":6},"end":{"line":69,"column":74}},"23":{"start":{"line":72,"column":6},"end":{"line":72,"column":49}},"24":{"start":{"line":77,"column":4},"end":{"line":91,"column":null}},"25":{"start":{"line":78,"column":18},"end":{"line":87,"column":13}},"26":{"start":{"line":88,"column":6},"end":{"line":88,"column":22}},"27":{"start":{"line":90,"column":6},"end":{"line":90,"column":49}},"28":{"start":{"line":97,"column":17},"end":{"line":97,"column":53}},"29":{"start":{"line":98,"column":4},"end":{"line":98,"column":44}},"30":{"start":{"line":103,"column":4},"end":{"line":120,"column":null}},"31":{"start":{"line":104,"column":18},"end":{"line":104,"column":20}},"32":{"start":{"line":106,"column":6},"end":{"line":108,"column":null}},"33":{"start":{"line":107,"column":8},"end":{"line":107,"column":59}},"34":{"start":{"line":110,"column":18},"end":{"line":115,"column":13}},"35":{"start":{"line":116,"column":26},"end":{"line":116,"column":37}},"36":{"start":{"line":117,"column":6},"end":{"line":117,"column":62}},"37":{"start":{"line":119,"column":6},"end":{"line":119,"column":49}},"38":{"start":{"line":124,"column":4},"end":{"line":127,"column":12}},"39":{"start":{"line":128,"column":4},"end":{"line":128,"column":48}},"40":{"start":{"line":134,"column":16},"end":{"line":145,"column":13}},"41":{"start":{"line":146,"column":4},"end":{"line":146,"column":20}},"42":{"start":{"line":4,"column":0},"end":{"line":4,"column":21}}},"fnMap":{"0":{"name":"(anonymous_8)","decl":{"start":{"line":7,"column":2},"end":{"line":7,"column":8}},"loc":{"start":{"line":7,"column":110},"end":{"line":18,"column":null}}},"1":{"name":"(anonymous_10)","decl":{"start":{"line":21,"column":2},"end":{"line":21,"column":8}},"loc":{"start":{"line":21,"column":41},"end":{"line":48,"column":null}}},"2":{"name":"(anonymous_12)","decl":{"start":{"line":51,"column":2},"end":{"line":51,"column":8}},"loc":{"start":{"line":51,"column":59},"end":{"line":74,"column":null}}},"3":{"name":"(anonymous_14)","decl":{"start":{"line":76,"column":2},"end":{"line":76,"column":8}},"loc":{"start":{"line":76,"column":41},"end":{"line":92,"column":null}}},"4":{"name":"(anonymous_16)","decl":{"start":{"line":95,"column":2},"end":{"line":95,"column":8}},"loc":{"start":{"line":95,"column":66},"end":{"line":99,"column":null}}},"5":{"name":"(anonymous_18)","decl":{"start":{"line":102,"column":2},"end":{"line":102,"column":8}},"loc":{"start":{"line":102,"column":53},"end":{"line":121,"column":null}}},"6":{"name":"(anonymous_20)","decl":{"start":{"line":123,"column":2},"end":{"line":123,"column":8}},"loc":{"start":{"line":123,"column":36},"end":{"line":129,"column":null}}},"7":{"name":"(anonymous_22)","decl":{"start":{"line":132,"column":2},"end":{"line":132,"column":8}},"loc":{"start":{"line":132,"column":39},"end":{"line":147,"column":null}}}},"branchMap":{"0":{"loc":{"start":{"line":23,"column":6},"end":{"line":33,"column":null}},"type":"if","locations":[{"start":{"line":23,"column":6},"end":{"line":33,"column":null}},{"start":{"line":23,"column":6},"end":{"line":33,"column":null}}]},"1":{"loc":{"start":{"line":66,"column":6},"end":{"line":66,"column":35}},"type":"if","locations":[{"start":{"line":66,"column":6},"end":{"line":66,"column":35}},{"start":{"line":66,"column":6},"end":{"line":66,"column":35}}]},"2":{"loc":{"start":{"line":67,"column":6},"end":{"line":67,"column":80}},"type":"if","locations":[{"start":{"line":67,"column":6},"end":{"line":67,"column":80}},{"start":{"line":67,"column":6},"end":{"line":67,"column":80}}]},"3":{"loc":{"start":{"line":67,"column":9},"end":{"line":67,"column":38}},"type":"binary-expr","locations":[{"start":{"line":67,"column":9},"end":{"line":67,"column":38}},{"start":{"line":67,"column":42},"end":{"line":67,"column":59}}]},"4":{"loc":{"start":{"line":68,"column":6},"end":{"line":68,"column":48}},"type":"if","locations":[{"start":{"line":68,"column":6},"end":{"line":68,"column":48}},{"start":{"line":68,"column":6},"end":{"line":68,"column":48}}]}},"s":{"0":1,"1":1,"2":1,"3":1,"4":1,"5":0,"6":0,"7":0,"8":0,"9":0,"10":0,"11":0,"12":0,"13":3,"14":3,"15":3,"16":3,"17":1,"18":2,"19":0,"20":2,"21":2,"22":0,"23":0,"24":0,"25":0,"26":0,"27":0,"28":2,"29":2,"30":1,"31":1,"32":1,"33":2,"34":1,"35":1,"36":1,"37":1,"38":1,"39":1,"40":0,"41":0,"42":1},"f":{"0":1,"1":0,"2":3,"3":0,"4":2,"5":1,"6":1,"7":0},"b":{"0":[0,0],"1":[1,2],"2":[0,2],"3":[2,2],"4":[2,0]}}
,"/Users/dliang/Onramp/blend-apprentice-project/bloggies_backend/src/models/user.ts": {"path":"/Users/dliang/Onramp/blend-apprentice-project/bloggies_backend/src/models/user.ts","statementMap":{"0":{"start":{"line":1,"column":0},"end":{"line":1,"column":23}},"1":{"start":{"line":2,"column":0},"end":{"line":2,"column":43}},"2":{"start":{"line":3,"column":0},"end":{"line":3,"column":57}},"3":{"start":{"line":9,"column":4},"end":{"line":19,"column":null}},"4":{"start":{"line":10,"column":18},"end":{"line":15,"column":30}},"5":{"start":{"line":16,"column":6},"end":{"line":16,"column":25}},"6":{"start":{"line":18,"column":6},"end":{"line":18,"column":null}},"7":{"start":{"line":24,"column":16},"end":{"line":29,"column":15}},"8":{"start":{"line":30,"column":4},"end":{"line":30,"column":23}},"9":{"start":{"line":35,"column":16},"end":{"line":39,"column":15}},"10":{"start":{"line":40,"column":4},"end":{"line":40,"column":44}},"11":{"start":{"line":44,"column":16},"end":{"line":48,"column":13}},"12":{"start":{"line":49,"column":4},"end":{"line":49,"column":20}},"13":{"start":{"line":54,"column":16},"end":{"line":58,"column":null}},"14":{"start":{"line":60,"column":4},"end":{"line":60,"column":23}},"15":{"start":{"line":66,"column":16},"end":{"line":71,"column":64}},"16":{"start":{"line":72,"column":4},"end":{"line":72,"column":23}},"17":{"start":{"line":77,"column":4},"end":{"line":91,"column":null}},"18":{"start":{"line":78,"column":18},"end":{"line":78,"column":20}},"19":{"start":{"line":80,"column":6},"end":{"line":82,"column":null}},"20":{"start":{"line":81,"column":8},"end":{"line":81,"column":59}},"21":{"start":{"line":84,"column":6},"end":{"line":88,"column":14}},"22":{"start":{"line":90,"column":6},"end":{"line":90,"column":49}},"23":{"start":{"line":97,"column":4},"end":{"line":101,"column":44}},"24":{"start":{"line":107,"column":4},"end":{"line":111,"column":52}},"25":{"start":{"line":116,"column":18},"end":{"line":120,"column":null}},"26":{"start":{"line":122,"column":4},"end":{"line":122,"column":23}},"27":{"start":{"line":5,"column":0},"end":{"line":5,"column":21}}},"fnMap":{"0":{"name":"(anonymous_8)","decl":{"start":{"line":8,"column":2},"end":{"line":8,"column":8}},"loc":{"start":{"line":8,"column":61},"end":{"line":20,"column":null}}},"1":{"name":"(anonymous_10)","decl":{"start":{"line":23,"column":2},"end":{"line":23,"column":8}},"loc":{"start":{"line":23,"column":37},"end":{"line":31,"column":null}}},"2":{"name":"(anonymous_12)","decl":{"start":{"line":34,"column":2},"end":{"line":34,"column":8}},"loc":{"start":{"line":34,"column":51},"end":{"line":41,"column":null}}},"3":{"name":"(anonymous_14)","decl":{"start":{"line":43,"column":2},"end":{"line":43,"column":8}},"loc":{"start":{"line":43,"column":39},"end":{"line":50,"column":null}}},"4":{"name":"(anonymous_16)","decl":{"start":{"line":53,"column":2},"end":{"line":53,"column":8}},"loc":{"start":{"line":53,"column":51},"end":{"line":61,"column":null}}},"5":{"name":"(anonymous_18)","decl":{"start":{"line":65,"column":2},"end":{"line":65,"column":8}},"loc":{"start":{"line":65,"column":103},"end":{"line":73,"column":null}}},"6":{"name":"(anonymous_20)","decl":{"start":{"line":76,"column":2},"end":{"line":76,"column":8}},"loc":{"start":{"line":76,"column":53},"end":{"line":92,"column":null}}},"7":{"name":"(anonymous_22)","decl":{"start":{"line":96,"column":2},"end":{"line":96,"column":8}},"loc":{"start":{"line":96,"column":74},"end":{"line":102,"column":null}}},"8":{"name":"(anonymous_24)","decl":{"start":{"line":106,"column":3},"end":{"line":106,"column":9}},"loc":{"start":{"line":106,"column":92},"end":{"line":112,"column":null}}},"9":{"name":"(anonymous_26)","decl":{"start":{"line":115,"column":2},"end":{"line":115,"column":8}},"loc":{"start":{"line":115,"column":61},"end":{"line":123,"column":null}}}},"branchMap":{"0":{"loc":{"start":{"line":71,"column":20},"end":{"line":71,"column":29}},"type":"binary-expr","locations":[{"start":{"line":71,"column":20},"end":{"line":71,"column":29}},{"start":{"line":71,"column":33},"end":{"line":71,"column":37}}]},"1":{"loc":{"start":{"line":71,"column":39},"end":{"line":71,"column":46}},"type":"binary-expr","locations":[{"start":{"line":71,"column":39},"end":{"line":71,"column":46}},{"start":{"line":71,"column":50},"end":{"line":71,"column":54}}]}},"s":{"0":1,"1":1,"2":1,"3":0,"4":0,"5":0,"6":0,"7":1,"8":1,"9":0,"10":0,"11":1,"12":1,"13":0,"14":0,"15":0,"16":0,"17":0,"18":0,"19":0,"20":0,"21":0,"22":0,"23":0,"24":0,"25":0,"26":0,"27":1},"f":{"0":0,"1":1,"2":0,"3":1,"4":0,"5":0,"6":0,"7":0,"8":0,"9":0},"b":{"0":[0,0],"1":[0,0]}}
,"/Users/dliang/Onramp/blend-apprentice-project/bloggies_backend/src/models/userAuth.ts": {"path":"/Users/dliang/Onramp/blend-apprentice-project/bloggies_backend/src/models/userAuth.ts","statementMap":{"0":{"start":{"line":1,"column":0},"end":{"line":1,"column":23}},"1":{"start":{"line":2,"column":0},"end":{"line":2,"column":43}},"2":{"start":{"line":3,"column":0},"end":{"line":3,"column":28}},"3":{"start":{"line":4,"column":0},"end":{"line":4,"column":31}},"4":{"start":{"line":6,"column":0},"end":{"line":6,"column":59}},"5":{"start":{"line":11,"column":20},"end":{"line":11,"column":67}},"6":{"start":{"line":12,"column":2},"end":{"line":26,"column":null}},"7":{"start":{"line":13,"column":15},"end":{"line":17,"column":23}},"8":{"start":{"line":18,"column":16},"end":{"line":18,"column":27}},"9":{"start":{"line":20,"column":15},"end":{"line":20,"column":86}},"10":{"start":{"line":21,"column":3},"end":{"line":21,"column":32}},"11":{"start":{"line":24,"column":3},"end":{"line":24,"column":44}},"12":{"start":{"line":31,"column":14},"end":{"line":33,"column":11}},"13":{"start":{"line":34,"column":15},"end":{"line":34,"column":26}},"14":{"start":{"line":35,"column":2},"end":{"line":45,"column":null}},"15":{"start":{"line":37,"column":19},"end":{"line":37,"column":66}},"16":{"start":{"line":38,"column":3},"end":{"line":42,"column":null}},"17":{"start":{"line":40,"column":16},"end":{"line":40,"column":82}},"18":{"start":{"line":41,"column":4},"end":{"line":41,"column":58}},"19":{"start":{"line":44,"column":3},"end":{"line":44,"column":77}},"20":{"start":{"line":47,"column":2},"end":{"line":47,"column":71}},"21":{"start":{"line":8,"column":0},"end":{"line":8,"column":21}}},"fnMap":{"0":{"name":"(anonymous_8)","decl":{"start":{"line":10,"column":1},"end":{"line":10,"column":7}},"loc":{"start":{"line":10,"column":54},"end":{"line":27,"column":null}}},"1":{"name":"(anonymous_10)","decl":{"start":{"line":30,"column":1},"end":{"line":30,"column":7}},"loc":{"start":{"line":30,"column":58},"end":{"line":48,"column":null}}}},"branchMap":{"0":{"loc":{"start":{"line":35,"column":2},"end":{"line":45,"column":null}},"type":"if","locations":[{"start":{"line":35,"column":2},"end":{"line":45,"column":null}},{"start":{"line":35,"column":2},"end":{"line":45,"column":null}}]},"1":{"loc":{"start":{"line":38,"column":3},"end":{"line":42,"column":null}},"type":"if","locations":[{"start":{"line":38,"column":3},"end":{"line":42,"column":null}},{"start":{"line":38,"column":3},"end":{"line":42,"column":null}}]}},"s":{"0":1,"1":1,"2":1,"3":1,"4":1,"5":2,"6":2,"7":2,"8":1,"9":1,"10":1,"11":1,"12":3,"13":3,"14":3,"15":0,"16":0,"17":0,"18":0,"19":0,"20":3,"21":1},"f":{"0":2,"1":3},"b":{"0":[0,3],"1":[0,0]}}
}
