TN:
SF:src/config.ts
FNF:0
FNH:0
DA:1,5
DA:3,5
DA:15,5
DA:17,5
DA:18,5
DA:20,5
DA:22,5
DA:25,5
DA:26,5
DA:27,5
DA:28,5
DA:29,5
DA:30,5
DA:31,5
DA:32,5
DA:33,5
DA:34,5
DA:35,5
DA:36,5
DA:37,5
LF:20
LH:20
BRDA:18,0,0,0
BRDA:18,0,1,5
BRF:2
BRH:1
end_of_record
TN:
SF:src/db.ts
FNF:0
FNH:0
DA:2,5
DA:4,5
DA:8,5
DA:9,5
DA:11,0
DA:14,5
DA:18,5
DA:20,5
LF:8
LH:7
BRDA:8,0,0,5
BRDA:8,0,1,0
BRF:2
BRH:1
end_of_record
TN:
SF:src/expressError.ts
FN:7,(anonymous_0)
FNF:1
FNH:1
FNDA:9,(anonymous_0)
DA:5,5
DA:8,9
DA:9,9
DA:10,9
LF:4
LH:4
BRF:0
BRH:0
end_of_record
TN:
SF:src/membershipStatuses.ts
FNF:0
FNH:0
DA:5,1
DA:6,1
DA:7,1
DA:8,1
DA:9,1
DA:10,1
LF:6
LH:6
BRF:0
BRH:0
end_of_record
TN:
SF:src/models/bookmark.ts
FN:7,(anonymous_8)
FN:22,(anonymous_10)
FN:35,(anonymous_12)
FNF:3
FNH:2
FNDA:0,(anonymous_8)
FNDA:2,(anonymous_10)
FNDA:1,(anonymous_12)
DA:1,1
DA:2,1
DA:4,1
DA:8,0
DA:17,0
DA:18,0
DA:23,2
DA:24,2
DA:28,0
DA:30,2
DA:36,1
DA:40,1
LF:12
LH:8
BRF:0
BRH:0
end_of_record
TN:
SF:src/models/comment.ts
FN:6,(anonymous_8)
FN:30,(anonymous_10)
FN:47,(anonymous_12)
FN:61,(anonymous_14)
FNF:4
FNH:2
FNDA:1,(anonymous_8)
FNDA:0,(anonymous_10)
FNDA:2,(anonymous_12)
FNDA:0,(anonymous_14)
DA:1,1
DA:2,1
DA:4,1
DA:7,1
DA:9,1
DA:21,1
DA:22,1
DA:24,0
DA:25,0
DA:31,0
DA:32,0
DA:39,0
DA:40,0
DA:42,0
DA:48,2
DA:49,2
DA:54,0
DA:56,2
DA:62,0
DA:63,0
DA:68,0
LF:21
LH:10
BRF:0
BRH:0
end_of_record
TN:
SF:src/models/post.ts
FN:7,(anonymous_8)
FN:21,(anonymous_10)
FN:51,(anonymous_12)
FN:76,(anonymous_14)
FN:95,(anonymous_16)
FN:102,(anonymous_18)
FN:123,(anonymous_20)
FN:132,(anonymous_22)
FNF:8
FNH:5
FNDA:1,(anonymous_8)
FNDA:0,(anonymous_10)
FNDA:3,(anonymous_12)
FNDA:0,(anonymous_14)
FNDA:2,(anonymous_16)
FNDA:1,(anonymous_18)
FNDA:1,(anonymous_20)
FNDA:0,(anonymous_22)
DA:1,1
DA:2,1
DA:4,1
DA:8,1
DA:9,1
DA:14,1
DA:16,0
DA:22,0
DA:23,0
DA:24,0
DA:32,0
DA:34,0
DA:44,0
DA:46,0
DA:52,3
DA:53,3
DA:65,3
DA:66,3
DA:67,2
DA:68,2
DA:69,0
DA:72,0
DA:77,0
DA:78,0
DA:88,0
DA:90,0
DA:97,2
DA:98,2
DA:103,1
DA:104,1
DA:106,1
DA:107,2
DA:110,1
DA:116,1
DA:117,1
DA:119,1
DA:124,1
DA:128,1
DA:134,0
DA:146,0
LF:40
LH:24
BRDA:23,0,0,0
BRDA:23,0,1,0
BRDA:66,1,0,1
BRDA:66,1,1,2
BRDA:67,2,0,0
BRDA:67,2,1,2
BRDA:67,3,0,2
BRDA:67,3,1,2
BRDA:68,4,0,2
BRDA:68,4,1,0
BRF:10
BRH:6
end_of_record
TN:
SF:src/models/user.ts
FN:8,(anonymous_8)
FN:23,(anonymous_10)
FN:34,(anonymous_12)
FN:43,(anonymous_14)
FN:53,(anonymous_16)
FN:65,(anonymous_18)
FN:76,(anonymous_20)
FN:96,(anonymous_22)
FN:106,(anonymous_24)
FN:115,(anonymous_26)
FNF:10
FNH:2
FNDA:0,(anonymous_8)
FNDA:1,(anonymous_10)
FNDA:0,(anonymous_12)
FNDA:1,(anonymous_14)
FNDA:0,(anonymous_16)
FNDA:0,(anonymous_18)
FNDA:0,(anonymous_20)
FNDA:0,(anonymous_22)
FNDA:0,(anonymous_24)
FNDA:0,(anonymous_26)
DA:1,1
DA:2,1
DA:3,1
DA:5,1
DA:9,0
DA:10,0
DA:16,0
DA:18,0
DA:24,1
DA:30,1
DA:35,0
DA:40,0
DA:44,1
DA:49,1
DA:54,0
DA:60,0
DA:66,0
DA:72,0
DA:77,0
DA:78,0
DA:80,0
DA:81,0
DA:84,0
DA:90,0
DA:97,0
DA:107,0
DA:116,0
DA:122,0
LF:28
LH:8
BRDA:71,0,0,0
BRDA:71,0,1,0
BRDA:71,1,0,0
BRDA:71,1,1,0
BRF:4
BRH:0
end_of_record
TN:
SF:src/models/userAuth.ts
FN:10,(anonymous_8)
FN:30,(anonymous_10)
FNF:2
FNH:2
FNDA:2,(anonymous_8)
FNDA:3,(anonymous_10)
DA:1,1
DA:2,1
DA:3,1
DA:4,1
DA:6,1
DA:8,1
DA:11,2
DA:12,2
DA:13,2
DA:18,1
DA:20,1
DA:21,1
DA:24,1
DA:31,3
DA:34,3
DA:35,3
DA:37,0
DA:38,0
DA:40,0
DA:41,0
DA:44,0
DA:47,3
LF:22
LH:17
BRDA:35,0,0,0
BRDA:35,0,1,3
BRDA:38,1,0,0
BRDA:38,1,1,0
BRF:4
BRH:1
end_of_record
